[illuminati.cash/presale-itanimulli.html]
[backblue.gif]
[fade.gif]
[index.html]
[illuminati.cash/assets/css/vendors/bootstrap.css]
[illuminati.cash/assets/css/vendors/swiper.css]
[illuminati.cash/assets/css/vendors/animate.css]
[illuminati.cash/assets/css/maind85a.css]
[illuminati.cash/favicon.ico]
[illuminati.cash/assets/images/C.svg]
[illuminati.cash/index.html]
[cdn.jsdelivr.net/npm/web3modal@1.9.5/dist/index.min.js]
[cdnjs.cloudflare.com/ajax/libs/jquery/3.6.0/jquery.min.js]
[cdn.jsdelivr.net/npm/@walletconnect/web3-provider@1.7.1/dist/umd/index.min.js]
[cdnjs.cloudflare.com/ajax/libs/bignumber.js/9.0.2/bignumber.min.js]
[cdn.jsdelivr.net/npm/web3@1.7.0/dist/web3.min.js]
[illuminati.cash/presale-itanimulli.html]
[illuminati.cash/assets/css/vendors/bootstrap.css]
[illuminati.cash/assets/css/vendors/swiper.css]
[illuminati.cash/assets/css/vendors/animate.css]
[illuminati.cash/presale498e.js]
[illuminati.cash/assets/images/quote_ic.d.delayed]
[illuminati.cash/assets/images/caret-down.svg]
[illuminati.cash/assets/images/arrow.svg]
[illuminati.cash/assets/images/circle.svg]
[illuminati.cash/assets/images/search.svg]
[illuminati.cash/assets/images/angle.svg]
[illuminati.cash/assets/css/maind85a.css]
[illuminati.cash/assets/images/D.svg]
[illuminati.cash/assets/images/clouds.jpg]
[illuminati.cash/assets/images/15406.jpg]
[illuminati.cash/assets/images/25406.jpg]
[illuminati.cash/assets/images/35406.jpg]
[illuminati.cash/assets/images/1a5406.jpg]
[illuminati.cash/assets/images/1b5406.jpg]
[illuminati.cash/assets/images/2a5406.jpg]
[illuminati.cash/assets/images/2b5406.jpg]
[illuminati.cash/assets/images/3a5406.jpg]
[illuminati.cash/assets/images/3b5406.jpg]
[illuminati.cash/assets/js/jquery.min.js]
[illuminati.cash/assets/js/swiper.js]
[illuminati.cash/assets/js/TweenMax.min.js]
[illuminati.cash/assets/js/pixi.min.js]
[illuminati.cash/assets/js/imagesloaded.pkgd.js]
[illuminati.cash/assets/js/jquery.scrolla.js]
[illuminati.cash/assets/js/skrollr.js]
[illuminati.cash/assets/js/common3721.js]
[illuminati.cash/index.html]
[illuminati.cash/assets/images/C.svg]
[illuminati.cash/assets/images/quote_ic.html]
[illuminati.cash/assets/images/caret-down.svg]
[illuminati.cash/assets/images/arrow.svg]
[illuminati.cash/assets/images/circle.html]
[illuminati.cash/assets/images/search.html]
[illuminati.cash/assets/images/angle.html]
[illuminati.cash/assets/images/D.svg]
